{"contracts\\Ballot.sol":{"l":{"43":3,"46":3,"49":3,"56":30,"60":3,"66":15,"67":11,"73":20,"74":17,"84":6,"85":4,"92":5,"94":5,"102":9,"105":9,"108":5,"111":5,"114":5,"117":5,"125":1,"126":1,"129":1,"132":10,"133":1,"134":1,"139":1,"142":1},"path":"D:\\00WebDevProject\\BCDV1010\\Truffle-Ballot-Lab\\contracts\\Ballot.sol","s":{"1":3,"2":3,"3":3,"4":30,"5":3,"6":15,"7":20,"8":6,"9":4,"10":5,"11":5,"12":9,"13":9,"14":5,"15":5,"16":5,"17":5,"18":1,"19":1,"20":1,"21":10,"22":1,"23":1,"24":1,"25":1},"b":{"1":[11,4],"2":[17,3],"3":[4,2],"4":[5,0],"5":[5,4],"6":[5,0],"7":[1,9]},"f":{"1":3,"2":15,"3":20,"4":6,"5":5,"6":9,"7":1},"fnMap":{"1":{"name":"constructor","line":40,"loc":{"start":{"line":40,"column":4},"end":{"line":61,"column":4}}},"2":{"name":"onlyChair","line":65,"loc":{"start":{"line":65,"column":4},"end":{"line":68,"column":4}}},"3":{"name":"validPhase","line":72,"loc":{"start":{"line":72,"column":4},"end":{"line":75,"column":4}}},"4":{"name":"changeState","line":83,"loc":{"start":{"line":83,"column":4},"end":{"line":86,"column":4}}},"5":{"name":"register","line":90,"loc":{"start":{"line":90,"column":4},"end":{"line":95,"column":4}}},"6":{"name":"vote","line":99,"loc":{"start":{"line":99,"column":4},"end":{"line":118,"column":4}}},"7":{"name":"reqWinner","line":122,"loc":{"start":{"line":122,"column":4},"end":{"line":143,"column":4}}}},"statementMap":{"1":{"start":{"line":43,"column":8},"end":{"line":43,"column":31}},"2":{"start":{"line":46,"column":8},"end":{"line":46,"column":37}},"3":{"start":{"line":49,"column":8},"end":{"line":49,"column":1084}},"4":{"start":{"line":56,"column":12},"end":{"line":56,"column":38}},"5":{"start":{"line":60,"column":8},"end":{"line":60,"column":29}},"6":{"start":{"line":66,"column":8},"end":{"line":66,"column":68}},"7":{"start":{"line":73,"column":8},"end":{"line":73,"column":37}},"8":{"start":{"line":84,"column":8},"end":{"line":84,"column":29}},"9":{"start":{"line":85,"column":8},"end":{"line":85,"column":20}},"10":{"start":{"line":92,"column":8},"end":{"line":92,"column":44}},"11":{"start":{"line":94,"column":8},"end":{"line":94,"column":31}},"12":{"start":{"line":102,"column":8},"end":{"line":102,"column":48}},"13":{"start":{"line":105,"column":8},"end":{"line":105,"column":37}},"14":{"start":{"line":108,"column":8},"end":{"line":108,"column":45}},"15":{"start":{"line":111,"column":8},"end":{"line":111,"column":38}},"16":{"start":{"line":114,"column":8},"end":{"line":114,"column":43}},"17":{"start":{"line":117,"column":8},"end":{"line":117,"column":55}},"18":{"start":{"line":125,"column":8},"end":{"line":125,"column":33}},"19":{"start":{"line":126,"column":8},"end":{"line":126,"column":32}},"20":{"start":{"line":129,"column":8},"end":{"line":129,"column":3483}},"21":{"start":{"line":132,"column":12},"end":{"line":132,"column":3646}},"22":{"start":{"line":133,"column":16},"end":{"line":133,"column":59}},"23":{"start":{"line":134,"column":16},"end":{"line":134,"column":37}},"24":{"start":{"line":139,"column":8},"end":{"line":139,"column":36}},"25":{"start":{"line":142,"column":8},"end":{"line":142,"column":30}}},"branchMap":{"1":{"line":66,"type":"if","locations":[{"start":{"line":66,"column":8},"end":{"line":66,"column":8}},{"start":{"line":66,"column":8},"end":{"line":66,"column":8}}]},"2":{"line":73,"type":"if","locations":[{"start":{"line":73,"column":8},"end":{"line":73,"column":8}},{"start":{"line":73,"column":8},"end":{"line":73,"column":8}}]},"3":{"line":84,"type":"if","locations":[{"start":{"line":84,"column":8},"end":{"line":84,"column":8}},{"start":{"line":84,"column":8},"end":{"line":84,"column":8}}]},"4":{"line":92,"type":"if","locations":[{"start":{"line":92,"column":8},"end":{"line":92,"column":8}},{"start":{"line":92,"column":8},"end":{"line":92,"column":8}}]},"5":{"line":105,"type":"if","locations":[{"start":{"line":105,"column":8},"end":{"line":105,"column":8}},{"start":{"line":105,"column":8},"end":{"line":105,"column":8}}]},"6":{"line":108,"type":"if","locations":[{"start":{"line":108,"column":8},"end":{"line":108,"column":8}},{"start":{"line":108,"column":8},"end":{"line":108,"column":8}}]},"7":{"line":132,"type":"if","locations":[{"start":{"line":132,"column":12},"end":{"line":132,"column":12}},{"start":{"line":132,"column":12},"end":{"line":132,"column":12}}]}}}}