{"contracts\\Ballot.sol":{"l":{"43":3,"46":3,"49":3,"56":30,"60":3,"66":0,"67":0,"73":0,"74":0,"84":0,"85":0,"91":0,"92":0,"100":0,"103":0,"106":0,"109":0,"112":0,"115":0,"123":0,"124":0,"127":0,"130":0,"131":0,"132":0,"137":0,"140":0},"path":"D:\\00WebDevProject\\BCDV1010\\Truffle-Ballot-Lab\\contracts\\Ballot.sol","s":{"1":3,"2":3,"3":3,"4":30,"5":3,"6":0,"7":0,"8":0,"9":0,"10":0,"11":0,"12":0,"13":0,"14":0,"15":0,"16":0,"17":0,"18":0,"19":0,"20":0,"21":0,"22":0,"23":0,"24":0,"25":0},"b":{"1":[0,0],"2":[0,0],"3":[0,0],"4":[0,0],"5":[0,0],"6":[0,0],"7":[0,0]},"f":{"1":3,"2":0,"3":0,"4":0,"5":0,"6":0,"7":0},"fnMap":{"1":{"name":"constructor","line":40,"loc":{"start":{"line":40,"column":4},"end":{"line":61,"column":4}}},"2":{"name":"onlyChair","line":65,"loc":{"start":{"line":65,"column":4},"end":{"line":68,"column":4}}},"3":{"name":"validPhase","line":72,"loc":{"start":{"line":72,"column":4},"end":{"line":75,"column":4}}},"4":{"name":"changeState","line":83,"loc":{"start":{"line":83,"column":4},"end":{"line":86,"column":4}}},"5":{"name":"register","line":90,"loc":{"start":{"line":90,"column":4},"end":{"line":93,"column":4}}},"6":{"name":"vote","line":97,"loc":{"start":{"line":97,"column":4},"end":{"line":116,"column":4}}},"7":{"name":"reqWinner","line":120,"loc":{"start":{"line":120,"column":4},"end":{"line":141,"column":4}}}},"statementMap":{"1":{"start":{"line":43,"column":8},"end":{"line":43,"column":31}},"2":{"start":{"line":46,"column":8},"end":{"line":46,"column":37}},"3":{"start":{"line":49,"column":8},"end":{"line":49,"column":1071}},"4":{"start":{"line":56,"column":12},"end":{"line":56,"column":38}},"5":{"start":{"line":60,"column":8},"end":{"line":60,"column":29}},"6":{"start":{"line":66,"column":8},"end":{"line":66,"column":68}},"7":{"start":{"line":73,"column":8},"end":{"line":73,"column":37}},"8":{"start":{"line":84,"column":8},"end":{"line":84,"column":29}},"9":{"start":{"line":85,"column":8},"end":{"line":85,"column":20}},"10":{"start":{"line":91,"column":8},"end":{"line":91,"column":44}},"11":{"start":{"line":92,"column":8},"end":{"line":92,"column":31}},"12":{"start":{"line":100,"column":8},"end":{"line":100,"column":48}},"13":{"start":{"line":103,"column":8},"end":{"line":103,"column":37}},"14":{"start":{"line":106,"column":8},"end":{"line":106,"column":45}},"15":{"start":{"line":109,"column":8},"end":{"line":109,"column":38}},"16":{"start":{"line":112,"column":8},"end":{"line":112,"column":43}},"17":{"start":{"line":115,"column":8},"end":{"line":115,"column":55}},"18":{"start":{"line":123,"column":8},"end":{"line":123,"column":33}},"19":{"start":{"line":124,"column":8},"end":{"line":124,"column":32}},"20":{"start":{"line":127,"column":8},"end":{"line":127,"column":3391}},"21":{"start":{"line":130,"column":12},"end":{"line":130,"column":3554}},"22":{"start":{"line":131,"column":16},"end":{"line":131,"column":59}},"23":{"start":{"line":132,"column":16},"end":{"line":132,"column":37}},"24":{"start":{"line":137,"column":8},"end":{"line":137,"column":36}},"25":{"start":{"line":140,"column":8},"end":{"line":140,"column":30}}},"branchMap":{"1":{"line":66,"type":"if","locations":[{"start":{"line":66,"column":8},"end":{"line":66,"column":8}},{"start":{"line":66,"column":8},"end":{"line":66,"column":8}}]},"2":{"line":73,"type":"if","locations":[{"start":{"line":73,"column":8},"end":{"line":73,"column":8}},{"start":{"line":73,"column":8},"end":{"line":73,"column":8}}]},"3":{"line":84,"type":"if","locations":[{"start":{"line":84,"column":8},"end":{"line":84,"column":8}},{"start":{"line":84,"column":8},"end":{"line":84,"column":8}}]},"4":{"line":91,"type":"if","locations":[{"start":{"line":91,"column":8},"end":{"line":91,"column":8}},{"start":{"line":91,"column":8},"end":{"line":91,"column":8}}]},"5":{"line":103,"type":"if","locations":[{"start":{"line":103,"column":8},"end":{"line":103,"column":8}},{"start":{"line":103,"column":8},"end":{"line":103,"column":8}}]},"6":{"line":106,"type":"if","locations":[{"start":{"line":106,"column":8},"end":{"line":106,"column":8}},{"start":{"line":106,"column":8},"end":{"line":106,"column":8}}]},"7":{"line":130,"type":"if","locations":[{"start":{"line":130,"column":12},"end":{"line":130,"column":12}},{"start":{"line":130,"column":12},"end":{"line":130,"column":12}}]}}}}