TN:
SF:D:\00WebDevProject\BCDV1010\Truffle-Ballot-Lab\contracts\Ballot.sol
FN:40,constructor
FN:65,onlyChair
FN:72,validPhase
FN:83,changeState
FN:90,register
FN:97,vote
FN:120,reqWinner
FNF:7
FNH:1
FNDA:3,constructor
FNDA:0,onlyChair
FNDA:0,validPhase
FNDA:0,changeState
FNDA:0,register
FNDA:0,vote
FNDA:0,reqWinner
DA:43,3
DA:46,3
DA:49,3
DA:56,30
DA:60,3
DA:66,0
DA:67,0
DA:73,0
DA:74,0
DA:84,0
DA:85,0
DA:91,0
DA:92,0
DA:100,0
DA:103,0
DA:106,0
DA:109,0
DA:112,0
DA:115,0
DA:123,0
DA:124,0
DA:127,0
DA:130,0
DA:131,0
DA:132,0
DA:137,0
DA:140,0
LF:27
LH:5
BRDA:66,1,0,0
BRDA:66,1,1,0
BRDA:73,2,0,0
BRDA:73,2,1,0
BRDA:84,3,0,0
BRDA:84,3,1,0
BRDA:91,4,0,0
BRDA:91,4,1,0
BRDA:103,5,0,0
BRDA:103,5,1,0
BRDA:106,6,0,0
BRDA:106,6,1,0
BRDA:130,7,0,0
BRDA:130,7,1,0
BRF:14
BRH:0
end_of_record
