TN:
SF:D:\00WebDevProject\BCDV1010\Truffle-Ballot-Lab\contracts\Ballot.sol
FN:40,constructor
FN:65,onlyChair
FN:72,validPhase
FN:83,changeState
FN:90,register
FN:99,vote
FN:122,reqWinner
FNF:7
FNH:7
FNDA:3,constructor
FNDA:15,onlyChair
FNDA:20,validPhase
FNDA:6,changeState
FNDA:5,register
FNDA:9,vote
FNDA:1,reqWinner
DA:43,3
DA:46,3
DA:49,3
DA:56,30
DA:60,3
DA:66,15
DA:67,11
DA:73,20
DA:74,17
DA:84,6
DA:85,4
DA:92,5
DA:94,5
DA:102,9
DA:105,9
DA:108,5
DA:111,5
DA:114,5
DA:117,5
DA:125,1
DA:126,1
DA:129,1
DA:132,10
DA:133,1
DA:134,1
DA:139,1
DA:142,1
LF:27
LH:27
BRDA:66,1,0,11
BRDA:66,1,1,4
BRDA:73,2,0,17
BRDA:73,2,1,3
BRDA:84,3,0,4
BRDA:84,3,1,2
BRDA:92,4,0,5
BRDA:92,4,1,0
BRDA:105,5,0,5
BRDA:105,5,1,4
BRDA:108,6,0,5
BRDA:108,6,1,0
BRDA:132,7,0,1
BRDA:132,7,1,9
BRF:14
BRH:12
end_of_record
